Using pre-set license
Built from '2020.3/staging' branch; Version is '2020.3.3f1 (76626098c1c4) revision 7758432'; Using compiler version '192528614'; Build Type 'Release'
OS: 'Windows 10 Pro; OS build 19042.1165; Version 2009; 64bit' Language: 'zh' Physical Memory: 32691 MB
BatchMode: 1, IsHumanControllingUs: 0, StartBugReporterOnCrash: 0, Is64bit: 1, IsPro: 0

 COMMAND LINE ARGUMENTS:
C:\Program Files\Unity\Hub\Editor\2020.3.3f1\Editor\Unity.exe
-adb2
-batchMode
-noUpm
-name
AssetImportWorker0
-projectPath
E:/github/lab6/lab6-
-logFile
Logs/AssetImportWorker0.log
-srvPort
61365
Successfully changed project path to: E:/github/lab6/lab6-
E:/github/lab6/lab6-
Using Asset Import Pipeline V2.
Refreshing native plugins compatible for Editor in 24.49 ms, found 0 plugins.
Preloading 0 native plugins for Editor in 0.00 ms.
Initialize engine version: 2020.3.3f1 (76626098c1c4)
[Subsystems] Discovering subsystems at path C:/Program Files/Unity/Hub/Editor/2020.3.3f1/Editor/Data/Resources/UnitySubsystems
[Subsystems] Discovering subsystems at path E:/github/lab6/lab6-/Assets
GfxDevice: creating device client; threaded=0
Direct3D:
    Version:  Direct3D 11.0 [level 11.1]
    Renderer: NVIDIA GeForce RTX 2080 Ti (ID=0x1e07)
    Vendor:   
    VRAM:     11048 MB
    Driver:   30.0.14.7141
Initialize mono
Mono path[0] = 'C:/Program Files/Unity/Hub/Editor/2020.3.3f1/Editor/Data/Managed'
Mono path[1] = 'C:/Program Files/Unity/Hub/Editor/2020.3.3f1/Editor/Data/MonoBleedingEdge/lib/mono/unityjit'
Mono config path = 'C:/Program Files/Unity/Hub/Editor/2020.3.3f1/Editor/Data/MonoBleedingEdge/etc'
Using monoOptions --debugger-agent=transport=dt_socket,embedding=1,server=y,suspend=n,address=127.0.0.1:56744
Begin MonoManager ReloadAssembly
Registering precompiled unity dll's ...
Register platform support module: C:/Program Files/Unity/Hub/Editor/2020.3.3f1/Editor/Data/PlaybackEngines/WindowsStandaloneSupport/UnityEditor.WindowsStandalone.Extensions.dll
Registered in 0.001748 seconds.
Native extension for WindowsStandalone target not found
Refreshing native plugins compatible for Editor in 19.17 ms, found 0 plugins.
Preloading 0 native plugins for Editor in 0.00 ms.
Invoked RoslynAnalysisRunner static constructor.
RoslynAnalysisRunner will not be running.
RoslynAnalysisRunner has terminated.
Mono: successfully reloaded assembly
- Completed reload, in  0.930 seconds
Platform modules already initialized, skipping
Registering precompiled user dll's ...
Registered in 0.000381 seconds.
Begin MonoManager ReloadAssembly
Native extension for WindowsStandalone target not found
Refreshing native plugins compatible for Editor in 0.16 ms, found 0 plugins.
Preloading 0 native plugins for Editor in 0.00 ms.
Invoked RoslynAnalysisRunner static constructor.
RoslynAnalysisRunner will not be running.
RoslynAnalysisRunner has terminated.
Mono: successfully reloaded assembly
- Completed reload, in  0.719 seconds
Platform modules already initialized, skipping
========================================================================
Worker process is ready to serve import requests
Launched and connected shader compiler UnityShaderCompiler.exe after 0.06 seconds
Refreshing native plugins compatible for Editor in 0.15 ms, found 0 plugins.
Preloading 0 native plugins for Editor in 0.00 ms.
Unloading 1115 Unused Serialized files (Serialized files now loaded: 0)
System memory in use before: 69.0 MB.
System memory in use after: 69.1 MB.

Unloading 10 unused Assets to reduce memory usage. Loaded Objects now: 1571.
Total: 1.657600 ms (FindLiveObjects: 0.108700 ms CreateObjectMapping: 0.031000 ms MarkObjects: 1.427100 ms  DeleteObjects: 0.089800 ms)

========================================================================
Received Import Request.
  path: Assets/New Terrain.asset
  artifactKey: Guid(749d8d8aad5d36d45a7b02036843ba2d) Importer(815301076,1909f56bfc062723c751e8b465ee728b)
Start importing Assets/New Terrain.asset using Guid(749d8d8aad5d36d45a7b02036843ba2d) Importer(815301076,1909f56bfc062723c751e8b465ee728b)  -> (artifact id: '8b9d77bd3ee0830d1b94659285e2f00b') in 0.049772 seconds
  Import took 0.051266 seconds .

========================================================================
Received Prepare
Registering precompiled user dll's ...
Registered in 0.000362 seconds.
Begin MonoManager ReloadAssembly
Native extension for WindowsStandalone target not found
Refreshing native plugins compatible for Editor in 0.16 ms, found 0 plugins.
Preloading 0 native plugins for Editor in 0.00 ms.
Invoked RoslynAnalysisRunner static constructor.
RoslynAnalysisRunner will not be running.
RoslynAnalysisRunner has terminated.
Mono: successfully reloaded assembly
- Completed reload, in  0.732 seconds
Platform modules already initialized, skipping
Refreshing native plugins compatible for Editor in 0.15 ms, found 0 plugins.
Preloading 0 native plugins for Editor in 0.00 ms.
Unloading 1111 Unused Serialized files (Serialized files now loaded: 0)
System memory in use before: 69.0 MB.
System memory in use after: 69.0 MB.

Unloading 5 unused Assets to reduce memory usage. Loaded Objects now: 1575.
Total: 1.316900 ms (FindLiveObjects: 0.174100 ms CreateObjectMapping: 0.048900 ms MarkObjects: 1.055800 ms  DeleteObjects: 0.037400 ms)

========================================================================
Received Import Request.
  Time since last request: 129.533689 seconds.
  path: Assets/NewBehaviourScript.cs
  artifactKey: Guid(0f3305dfd6284e14b8835cb923728d30) Importer(815301076,1909f56bfc062723c751e8b465ee728b)
Start importing Assets/NewBehaviourScript.cs using Guid(0f3305dfd6284e14b8835cb923728d30) Importer(815301076,1909f56bfc062723c751e8b465ee728b)  -> (artifact id: '317efeae1ec8984ec4ce58f9692b5b66') in 0.010240 seconds
  Import took 0.011611 seconds .

========================================================================
Received Import Request.
  Time since last request: 2.588608 seconds.
  path: Assets/SC_FPSController.cs
  artifactKey: Guid(0f3305dfd6284e14b8835cb923728d30) Importer(815301076,1909f56bfc062723c751e8b465ee728b)
Start importing Assets/SC_FPSController.cs using Guid(0f3305dfd6284e14b8835cb923728d30) Importer(815301076,1909f56bfc062723c751e8b465ee728b)  -> (artifact id: '60dc79ad5905053c27f959d18562ad4b') in 0.005654 seconds
  Import took 0.007205 seconds .

========================================================================
Received Prepare
Registering precompiled user dll's ...
Registered in 0.000423 seconds.
Begin MonoManager ReloadAssembly
Native extension for WindowsStandalone target not found
Refreshing native plugins compatible for Editor in 0.18 ms, found 0 plugins.
Preloading 0 native plugins for Editor in 0.00 ms.
Invoked RoslynAnalysisRunner static constructor.
RoslynAnalysisRunner will not be running.
RoslynAnalysisRunner has terminated.
Mono: successfully reloaded assembly
- Completed reload, in  0.683 seconds
Platform modules already initialized, skipping
Refreshing native plugins compatible for Editor in 0.29 ms, found 0 plugins.
Preloading 0 native plugins for Editor in 0.00 ms.
Unloading 1111 Unused Serialized files (Serialized files now loaded: 0)
System memory in use before: 69.0 MB.
System memory in use after: 69.1 MB.

Unloading 5 unused Assets to reduce memory usage. Loaded Objects now: 1578.
Total: 1.777500 ms (FindLiveObjects: 0.127200 ms CreateObjectMapping: 0.032100 ms MarkObjects: 1.548600 ms  DeleteObjects: 0.068300 ms)

========================================================================
Received Prepare
Registering precompiled user dll's ...
Registered in 0.000383 seconds.
Begin MonoManager ReloadAssembly
Native extension for WindowsStandalone target not found
Refreshing native plugins compatible for Editor in 0.16 ms, found 0 plugins.
Preloading 0 native plugins for Editor in 0.00 ms.
Invoked RoslynAnalysisRunner static constructor.
RoslynAnalysisRunner will not be running.
RoslynAnalysisRunner has terminated.
Mono: successfully reloaded assembly
- Completed reload, in  0.693 seconds
Platform modules already initialized, skipping
Refreshing native plugins compatible for Editor in 0.17 ms, found 0 plugins.
Preloading 0 native plugins for Editor in 0.00 ms.
Unloading 1111 Unused Serialized files (Serialized files now loaded: 0)
System memory in use before: 69.0 MB.
System memory in use after: 69.1 MB.

Unloading 5 unused Assets to reduce memory usage. Loaded Objects now: 1581.
Total: 1.399700 ms (FindLiveObjects: 0.180500 ms CreateObjectMapping: 0.057700 ms MarkObjects: 1.120000 ms  DeleteObjects: 0.040500 ms)

========================================================================
Received Import Request.
  Time since last request: 25.759131 seconds.
  path: Assets/SC_FPSController.cs
  artifactKey: Guid(0f3305dfd6284e14b8835cb923728d30) Importer(815301076,1909f56bfc062723c751e8b465ee728b)
Start importing Assets/SC_FPSController.cs using Guid(0f3305dfd6284e14b8835cb923728d30) Importer(815301076,1909f56bfc062723c751e8b465ee728b)  -> (artifact id: '47a4ecf3f5dd2b896da5470a45127a99') in 0.006251 seconds
  Import took 0.007711 seconds .

========================================================================
Received Prepare
Registering precompiled user dll's ...
Registered in 0.000388 seconds.
Begin MonoManager ReloadAssembly
Native extension for WindowsStandalone target not found
Refreshing native plugins compatible for Editor in 0.16 ms, found 0 plugins.
Preloading 0 native plugins for Editor in 0.00 ms.
Invoked RoslynAnalysisRunner static constructor.
RoslynAnalysisRunner will not be running.
RoslynAnalysisRunner has terminated.
Mono: successfully reloaded assembly
- Completed reload, in  0.682 seconds
Platform modules already initialized, skipping
Refreshing native plugins compatible for Editor in 0.15 ms, found 0 plugins.
Preloading 0 native plugins for Editor in 0.00 ms.
Unloading 1111 Unused Serialized files (Serialized files now loaded: 0)
System memory in use before: 69.0 MB.
System memory in use after: 69.0 MB.

Unloading 5 unused Assets to reduce memory usage. Loaded Objects now: 1584.
Total: 1.386600 ms (FindLiveObjects: 0.173700 ms CreateObjectMapping: 0.033200 ms MarkObjects: 1.134200 ms  DeleteObjects: 0.044100 ms)

========================================================================
Received Import Request.
  Time since last request: 100.375510 seconds.
  path: Assets
  artifactKey: Guid(00000000000000001000000000000000) Importer(815301076,1909f56bfc062723c751e8b465ee728b)
Start importing Assets using Guid(00000000000000001000000000000000) Importer(815301076,1909f56bfc062723c751e8b465ee728b)  -> (artifact id: 'b2e0e235c0f4af3754229b664788db90') in 0.007238 seconds
  Import took 0.008637 seconds .

========================================================================
Received Import Request.
  Time since last request: 8.571122 seconds.
  path: Assets/PickUpController.cs
  artifactKey: Guid(d45c6cc6ced55bc48a01d766612add32) Importer(815301076,1909f56bfc062723c751e8b465ee728b)
Start importing Assets/PickUpController.cs using Guid(d45c6cc6ced55bc48a01d766612add32) Importer(815301076,1909f56bfc062723c751e8b465ee728b)  -> (artifact id: '9bdcaa992de2a9546dc5152e9cf3158e') in 0.006693 seconds
  Import took 0.008209 seconds .

========================================================================
Received Prepare
Registering precompiled user dll's ...
Registered in 0.000387 seconds.
Begin MonoManager ReloadAssembly
Native extension for WindowsStandalone target not found
Refreshing native plugins compatible for Editor in 0.16 ms, found 0 plugins.
Preloading 0 native plugins for Editor in 0.00 ms.
Invoked RoslynAnalysisRunner static constructor.
RoslynAnalysisRunner will not be running.
RoslynAnalysisRunner has terminated.
Mono: successfully reloaded assembly
- Completed reload, in  0.750 seconds
Platform modules already initialized, skipping
Refreshing native plugins compatible for Editor in 0.17 ms, found 0 plugins.
Preloading 0 native plugins for Editor in 0.00 ms.
Unloading 1112 Unused Serialized files (Serialized files now loaded: 0)
System memory in use before: 69.0 MB.
System memory in use after: 69.1 MB.

Unloading 5 unused Assets to reduce memory usage. Loaded Objects now: 1588.
Total: 1.199200 ms (FindLiveObjects: 0.103300 ms CreateObjectMapping: 0.027700 ms MarkObjects: 1.024400 ms  DeleteObjects: 0.043200 ms)

========================================================================
Received Import Request.
  Time since last request: 32.068765 seconds.
  path: Assets/Weapon.cs
  artifactKey: Guid(62cfcaec5262f0d4285826960d6a613b) Importer(815301076,1909f56bfc062723c751e8b465ee728b)
Start importing Assets/Weapon.cs using Guid(62cfcaec5262f0d4285826960d6a613b) Importer(815301076,1909f56bfc062723c751e8b465ee728b)  -> (artifact id: '4162ef653ae8243eefe263c78c863794') in 0.009365 seconds
  Import took 0.011992 seconds .

========================================================================
Received Prepare
Registering precompiled user dll's ...
Registered in 0.000387 seconds.
Begin MonoManager ReloadAssembly
Native extension for WindowsStandalone target not found
Refreshing native plugins compatible for Editor in 0.18 ms, found 0 plugins.
Preloading 0 native plugins for Editor in 0.00 ms.
Invoked RoslynAnalysisRunner static constructor.
RoslynAnalysisRunner will not be running.
RoslynAnalysisRunner has terminated.
Mono: successfully reloaded assembly
- Completed reload, in  0.715 seconds
Platform modules already initialized, skipping
Refreshing native plugins compatible for Editor in 0.16 ms, found 0 plugins.
Preloading 0 native plugins for Editor in 0.00 ms.
Unloading 1113 Unused Serialized files (Serialized files now loaded: 0)
System memory in use before: 69.0 MB.
System memory in use after: 69.1 MB.

Unloading 5 unused Assets to reduce memory usage. Loaded Objects now: 1592.
Total: 1.661400 ms (FindLiveObjects: 0.176000 ms CreateObjectMapping: 0.052600 ms MarkObjects: 1.380600 ms  DeleteObjects: 0.051200 ms)

========================================================================
Received Prepare
Registering precompiled user dll's ...
Registered in 0.000396 seconds.
Begin MonoManager ReloadAssembly
Native extension for WindowsStandalone target not found
Refreshing native plugins compatible for Editor in 0.16 ms, found 0 plugins.
Preloading 0 native plugins for Editor in 0.00 ms.
Invoked RoslynAnalysisRunner static constructor.
RoslynAnalysisRunner will not be running.
RoslynAnalysisRunner has terminated.
Mono: successfully reloaded assembly
- Completed reload, in  0.905 seconds
Platform modules already initialized, skipping
Refreshing native plugins compatible for Editor in 0.16 ms, found 0 plugins.
Preloading 0 native plugins for Editor in 0.00 ms.
Unloading 1113 Unused Serialized files (Serialized files now loaded: 0)
System memory in use before: 69.0 MB.
System memory in use after: 69.1 MB.

Unloading 5 unused Assets to reduce memory usage. Loaded Objects now: 1595.
Total: 1.279600 ms (FindLiveObjects: 0.099800 ms CreateObjectMapping: 0.026700 ms MarkObjects: 1.108300 ms  DeleteObjects: 0.043900 ms)

========================================================================
Received Import Request.
  Time since last request: 27.703450 seconds.
  path: Assets/Weapon.cs
  artifactKey: Guid(62cfcaec5262f0d4285826960d6a613b) Importer(815301076,1909f56bfc062723c751e8b465ee728b)
Start importing Assets/Weapon.cs using Guid(62cfcaec5262f0d4285826960d6a613b) Importer(815301076,1909f56bfc062723c751e8b465ee728b)  -> (artifact id: 'e6ba7474923fdd11435ff86ba291d28d') in 0.006876 seconds
  Import took 0.008763 seconds .

========================================================================
Received Import Request.
  Time since last request: 0.004770 seconds.
  path: Assets/Weapon.cs
  artifactKey: Guid(62cfcaec5262f0d4285826960d6a613b) Importer(815301076,1909f56bfc062723c751e8b465ee728b)
Start importing Assets/Weapon.cs using Guid(62cfcaec5262f0d4285826960d6a613b) Importer(815301076,1909f56bfc062723c751e8b465ee728b)  -> (artifact id: 'e6ba7474923fdd11435ff86ba291d28d') in 0.004753 seconds
  Import took 0.006652 seconds .

========================================================================
Received Import Request.
  Time since last request: 1.534984 seconds.
  path: Assets/PickUpController.cs
  artifactKey: Guid(d45c6cc6ced55bc48a01d766612add32) Importer(815301076,1909f56bfc062723c751e8b465ee728b)
Start importing Assets/PickUpController.cs using Guid(d45c6cc6ced55bc48a01d766612add32) Importer(815301076,1909f56bfc062723c751e8b465ee728b)  -> (artifact id: 'd4fc00984de678b8d70e33748d80e16b') in 0.004858 seconds
  Import took 0.006495 seconds .

========================================================================
Received Import Request.
  Time since last request: 35.783366 seconds.
  path: Assets/New Terrain.asset
  artifactKey: Guid(749d8d8aad5d36d45a7b02036843ba2d) Importer(815301076,1909f56bfc062723c751e8b465ee728b)
Start importing Assets/New Terrain.asset using Guid(749d8d8aad5d36d45a7b02036843ba2d) Importer(815301076,1909f56bfc062723c751e8b465ee728b)  -> (artifact id: '77ab49ba9dc21b6c7b1001a639972907') in 0.012807 seconds
  Import took 0.014243 seconds .

========================================================================
Received Prepare
Registering precompiled user dll's ...
Registered in 0.000385 seconds.
Begin MonoManager ReloadAssembly
Native extension for WindowsStandalone target not found
Refreshing native plugins compatible for Editor in 0.16 ms, found 0 plugins.
Preloading 0 native plugins for Editor in 0.00 ms.
Invoked RoslynAnalysisRunner static constructor.
RoslynAnalysisRunner will not be running.
RoslynAnalysisRunner has terminated.
Mono: successfully reloaded assembly
- Completed reload, in  0.686 seconds
Platform modules already initialized, skipping
Refreshing native plugins compatible for Editor in 0.16 ms, found 0 plugins.
Preloading 0 native plugins for Editor in 0.00 ms.
Unloading 1115 Unused Serialized files (Serialized files now loaded: 0)
System memory in use before: 69.1 MB.
System memory in use after: 69.1 MB.

Unloading 5 unused Assets to reduce memory usage. Loaded Objects now: 1600.
Total: 1.400500 ms (FindLiveObjects: 0.181600 ms CreateObjectMapping: 0.047500 ms MarkObjects: 1.123300 ms  DeleteObjects: 0.047100 ms)

========================================================================
Received Import Request.
  Time since last request: 16.939764 seconds.
  path: Assets/Low Poly Guns/Scripts
  artifactKey: Guid(b6c061788de12f54ea6672a16627499a) Importer(815301076,1909f56bfc062723c751e8b465ee728b)
Start importing Assets/Low Poly Guns/Scripts using Guid(b6c061788de12f54ea6672a16627499a) Importer(815301076,1909f56bfc062723c751e8b465ee728b)  -> (artifact id: '7898123ffc49cc70ce6a1db35955c301') in 0.007267 seconds
  Import took 0.008738 seconds .

========================================================================
Received Import Request.
  Time since last request: 0.440291 seconds.
  path: Assets/Low Poly Guns/Scenes
  artifactKey: Guid(6c390335ec865d140acc28c52f65e038) Importer(815301076,1909f56bfc062723c751e8b465ee728b)
Start importing Assets/Low Poly Guns/Scenes using Guid(6c390335ec865d140acc28c52f65e038) Importer(815301076,1909f56bfc062723c751e8b465ee728b)  -> (artifact id: 'ccca3f87a7ddbbe1eb8f4a92c283cf57') in 0.006623 seconds
  Import took 0.008056 seconds .

========================================================================
Received Import Request.
  Time since last request: 0.828125 seconds.
  path: Assets/Low Poly Guns/Models
  artifactKey: Guid(bcb561bb3fcd38947adadb609bc8340b) Importer(815301076,1909f56bfc062723c751e8b465ee728b)
Start importing Assets/Low Poly Guns/Models using Guid(bcb561bb3fcd38947adadb609bc8340b) Importer(815301076,1909f56bfc062723c751e8b465ee728b)  -> (artifact id: '58025bf2aaa44ec707f9aac4d6707b35') in 0.006300 seconds
  Import took 0.007665 seconds .

========================================================================
Received Import Request.
  Time since last request: 0.825868 seconds.
  path: Assets/Low Poly Guns/Models/Guns
  artifactKey: Guid(622949251c23ee64ba0b4df86da88911) Importer(815301076,1909f56bfc062723c751e8b465ee728b)
Start importing Assets/Low Poly Guns/Models/Guns using Guid(622949251c23ee64ba0b4df86da88911) Importer(815301076,1909f56bfc062723c751e8b465ee728b)  -> (artifact id: '4df390424e1c58aa7a42dfe99582d56d') in 0.006317 seconds
  Import took 0.007686 seconds .

========================================================================
Received Import Request.
  Time since last request: 1.426121 seconds.
  path: Assets/Low Poly Guns/Models/Guns/assault2
  artifactKey: Guid(16bc82123c94e4b4c8d845cf2517805a) Importer(815301076,1909f56bfc062723c751e8b465ee728b)
Start importing Assets/Low Poly Guns/Models/Guns/assault2 using Guid(16bc82123c94e4b4c8d845cf2517805a) Importer(815301076,1909f56bfc062723c751e8b465ee728b)  -> (artifact id: '7214dc8ca6d10dd5cbe1a650951f7a42') in 0.005980 seconds
  Import took 0.007412 seconds .

========================================================================
Received Import Request.
  Time since last request: 0.054645 seconds.
  path: Assets/Low Poly Guns/Models/Guns/assault2/assault2.fbx
  artifactKey: Guid(6bea03a7115c5d748b18a7573d0d4d2b) Importer(815301076,1909f56bfc062723c751e8b465ee728b)
Start importing Assets/Low Poly Guns/Models/Guns/assault2/assault2.fbx using Guid(6bea03a7115c5d748b18a7573d0d4d2b) Importer(815301076,1909f56bfc062723c751e8b465ee728b)  -> (artifact id: 'd4e83af28085a3f3d5774d34b479da2b') in 0.332456 seconds
  Import took 0.334237 seconds .

========================================================================
Received Import Request.
  Time since last request: 0.000909 seconds.
  path: Assets/Low Poly Guns/Models/Guns/assault2/assault2.mat
  artifactKey: Guid(35a5af17f562eb044a809af0526a562f) Importer(815301076,1909f56bfc062723c751e8b465ee728b)
Start importing Assets/Low Poly Guns/Models/Guns/assault2/assault2.mat using Guid(35a5af17f562eb044a809af0526a562f) Importer(815301076,1909f56bfc062723c751e8b465ee728b)  -> (artifact id: '3ff70546740b4ebdded3b91d61d9bee8') in 0.034797 seconds
  Import took 0.036369 seconds .

========================================================================
Received Import Request.
  Time since last request: 0.000852 seconds.
  path: Assets/Low Poly Guns/Models/Guns/assault2/assault2_diffuse.png
  artifactKey: Guid(f699987dc2b8fa147bed02b5fb7dd2c2) Importer(815301076,1909f56bfc062723c751e8b465ee728b)
Start importing Assets/Low Poly Guns/Models/Guns/assault2/assault2_diffuse.png using Guid(f699987dc2b8fa147bed02b5fb7dd2c2) Importer(815301076,1909f56bfc062723c751e8b465ee728b)  -> (artifact id: '3983d4dc69f7588881786d39834a95a5') in 0.039451 seconds
  Import took 0.040957 seconds .

========================================================================
Received Import Request.
  Time since last request: 0.000941 seconds.
  path: Assets/Low Poly Guns/Models/Guns/assault2/assault2_normal.png
  artifactKey: Guid(f682931156928fc4e960b020752b0c9a) Importer(815301076,1909f56bfc062723c751e8b465ee728b)
Start importing Assets/Low Poly Guns/Models/Guns/assault2/assault2_normal.png using Guid(f682931156928fc4e960b020752b0c9a) Importer(815301076,1909f56bfc062723c751e8b465ee728b)  -> (artifact id: '1238d560ec4c55bc199f98799a82fce5') in 0.018291 seconds
  Import took 0.020291 seconds .

========================================================================
Received Prepare
Registering precompiled user dll's ...
Registered in 0.000358 seconds.
Begin MonoManager ReloadAssembly
Native extension for WindowsStandalone target not found
Refreshing native plugins compatible for Editor in 0.16 ms, found 0 plugins.
Preloading 0 native plugins for Editor in 0.00 ms.
Invoked RoslynAnalysisRunner static constructor.
RoslynAnalysisRunner will not be running.
RoslynAnalysisRunner has terminated.
Mono: successfully reloaded assembly
- Completed reload, in  0.711 seconds
Platform modules already initialized, skipping
Refreshing native plugins compatible for Editor in 0.23 ms, found 0 plugins.
Preloading 0 native plugins for Editor in 0.00 ms.
Unloading 1116 Unused Serialized files (Serialized files now loaded: 0)
System memory in use before: 72.6 MB.
System memory in use after: 72.7 MB.

Unloading 5 unused Assets to reduce memory usage. Loaded Objects now: 1650.
Total: 1.592200 ms (FindLiveObjects: 0.226500 ms CreateObjectMapping: 0.035300 ms MarkObjects: 1.277900 ms  DeleteObjects: 0.051400 ms)

========================================================================
Received Prepare
Registering precompiled user dll's ...
Registered in 0.000839 seconds.
Begin MonoManager ReloadAssembly
Native extension for WindowsStandalone target not found
Refreshing native plugins compatible for Editor in 0.16 ms, found 0 plugins.
Preloading 0 native plugins for Editor in 0.00 ms.
Invoked RoslynAnalysisRunner static constructor.
RoslynAnalysisRunner will not be running.
RoslynAnalysisRunner has terminated.
Mono: successfully reloaded assembly
- Completed reload, in  0.693 seconds
Platform modules already initialized, skipping
Refreshing native plugins compatible for Editor in 0.16 ms, found 0 plugins.
Preloading 0 native plugins for Editor in 0.00 ms.
Unloading 1116 Unused Serialized files (Serialized files now loaded: 0)
System memory in use before: 72.7 MB.
System memory in use after: 72.8 MB.

Unloading 5 unused Assets to reduce memory usage. Loaded Objects now: 1653.
Total: 1.340000 ms (FindLiveObjects: 0.158400 ms CreateObjectMapping: 0.042500 ms MarkObjects: 1.092000 ms  DeleteObjects: 0.046000 ms)

========================================================================
Received Import Request.
  Time since last request: 117.338403 seconds.
  path: Assets/Low Poly Guns/Materials/Plane.mat
  artifactKey: Guid(e96fa539506a82f4097ae5999f559460) Importer(815301076,1909f56bfc062723c751e8b465ee728b)
Start importing Assets/Low Poly Guns/Materials/Plane.mat using Guid(e96fa539506a82f4097ae5999f559460) Importer(815301076,1909f56bfc062723c751e8b465ee728b)  -> (artifact id: 'cc3cf018f462077d623eb0687a926c67') in 0.049753 seconds
  Import took 0.051553 seconds .

========================================================================
Received Import Request.
  Time since last request: 14.474172 seconds.
  path: Assets/bullet.prefab
  artifactKey: Guid(8ecba652e6789ca4d8dabb2ecf2475a3) Importer(815301076,1909f56bfc062723c751e8b465ee728b)
Start importing Assets/bullet.prefab using Guid(8ecba652e6789ca4d8dabb2ecf2475a3) Importer(815301076,1909f56bfc062723c751e8b465ee728b)  -> (artifact id: '0589e319b8d4205ed969ed7d900ec884') in 0.023333 seconds
  Import took 0.025052 seconds .

========================================================================
Received Import Request.
  Time since last request: 0.004038 seconds.
  path: Assets/bullet.prefab
  artifactKey: Guid(8ecba652e6789ca4d8dabb2ecf2475a3) Importer(815301076,1909f56bfc062723c751e8b465ee728b)
Start importing Assets/bullet.prefab using Guid(8ecba652e6789ca4d8dabb2ecf2475a3) Importer(815301076,1909f56bfc062723c751e8b465ee728b)  -> (artifact id: '0589e319b8d4205ed969ed7d900ec884') in 0.011630 seconds
  Import took 0.013657 seconds .

========================================================================
Received Prepare
Registering precompiled user dll's ...
Registered in 0.000408 seconds.
Begin MonoManager ReloadAssembly
Native extension for WindowsStandalone target not found
Refreshing native plugins compatible for Editor in 0.16 ms, found 0 plugins.
Preloading 0 native plugins for Editor in 0.00 ms.
Invoked RoslynAnalysisRunner static constructor.
RoslynAnalysisRunner will not be running.
RoslynAnalysisRunner has terminated.
Mono: successfully reloaded assembly
- Completed reload, in  0.684 seconds
Platform modules already initialized, skipping
Refreshing native plugins compatible for Editor in 0.16 ms, found 0 plugins.
Preloading 0 native plugins for Editor in 0.00 ms.
Unloading 1116 Unused Serialized files (Serialized files now loaded: 0)
System memory in use before: 72.7 MB.
System memory in use after: 72.8 MB.

Unloading 5 unused Assets to reduce memory usage. Loaded Objects now: 1658.
Total: 1.220200 ms (FindLiveObjects: 0.108700 ms CreateObjectMapping: 0.029100 ms MarkObjects: 1.034000 ms  DeleteObjects: 0.047700 ms)

========================================================================
Received Prepare
Registering precompiled user dll's ...
Registered in 0.000430 seconds.
Begin MonoManager ReloadAssembly
Native extension for WindowsStandalone target not found
Refreshing native plugins compatible for Editor in 0.16 ms, found 0 plugins.
Preloading 0 native plugins for Editor in 0.00 ms.
Invoked RoslynAnalysisRunner static constructor.
RoslynAnalysisRunner will not be running.
RoslynAnalysisRunner has terminated.
Mono: successfully reloaded assembly
- Completed reload, in  0.666 seconds
Platform modules already initialized, skipping
Refreshing native plugins compatible for Editor in 0.16 ms, found 0 plugins.
Preloading 0 native plugins for Editor in 0.00 ms.
Unloading 1116 Unused Serialized files (Serialized files now loaded: 0)
System memory in use before: 72.8 MB.
System memory in use after: 72.8 MB.

Unloading 5 unused Assets to reduce memory usage. Loaded Objects now: 1661.
Total: 1.370500 ms (FindLiveObjects: 0.240200 ms CreateObjectMapping: 0.059900 ms MarkObjects: 1.022600 ms  DeleteObjects: 0.046700 ms)

AssetImportWorkerClient::OnTransportError - code=2 error=End of file
